d:\visual studio 2010\camera\camera\x64\release\camera.pch
d:\visual studio 2010\camera\camera\x64\release\vc140.pdb
d:\visual studio 2010\camera\camera\x64\release\stdafx.obj
d:\visual studio 2010\camera\camera\x64\release\camera.obj
d:\visual studio 2010\camera\x64\release\camera.exe
d:\visual studio 2010\camera\x64\release\camera.ipdb
d:\visual studio 2010\camera\x64\release\camera.iobj
d:\visual studio 2010\camera\x64\release\camera.pdb
d:\sh\dongyuan\cameranew\camera\camera\x64\release\camera.obj
d:\sh\dongyuan\cameranew\camera\camera\x64\release\stdafx.obj
d:\sh\dongyuan\cameranew\camera\camera\x64\release\camera.pch
d:\sh\dongyuan\cameranew\camera\camera\x64\release\vc140.pdb
d:\sh\dongyuan\cameranew\camera\x64\release\camera.pdb
d:\sh\dongyuan\cameranew\camera\x64\release\camera.exe
d:\sh\dongyuan\cameranew\camera\camera\x64\release\camera.tlog\cl.command.1.tlog
d:\sh\dongyuan\cameranew\camera\camera\x64\release\camera.tlog\cl.read.1.tlog
d:\sh\dongyuan\cameranew\camera\camera\x64\release\camera.tlog\cl.write.1.tlog
d:\sh\dongyuan\cameranew\camera\camera\x64\release\camera.tlog\link.command.1.tlog
d:\sh\dongyuan\cameranew\camera\camera\x64\release\camera.tlog\link.read.1.tlog
d:\sh\dongyuan\cameranew\camera\camera\x64\release\camera.tlog\link.write.1.tlog
